<?xml version="1.0" encoding="UTF-8"?>
<!-- Generated by org.testng.reporters.JUnitReportReporter -->
<testsuite hostname="DEVVM203" name="APITesting.com.org.api.WeatherGetRequest" tests="2" failures="1" timestamp="20 Dec 2017 10:59:02 GMT" time="57.767" errors="0">
  <testcase name="assert_api" time="2.891" classname="APITesting.com.org.api.WeatherGetRequest">
    <failure type="java.lang.AssertionError" message="expected [{&quot;coord&quot;:{&quot;lon&quot;:-0.09,&quot;lat&quot;:51.51},&quot;weather&quot;:[{&quot;id&quot;:721,&quot;main&quot;:&quot;Haze&quot;,&quot;description&quot;:&quot;haze&quot;,&quot;icon&quot;:&quot;50d&quot;},{&quot;id&quot;:701,&quot;main&quot;:&quot;Mist&quot;,&quot;description&quot;:&quot;mist&quot;,&quot;icon&quot;:&quot;50d&quot;},{&quot;id&quot;:741,&quot;main&quot;:&quot;Fog&quot;,&quot;description&quot;:&quot;fog&quot;,&quot;icon&quot;:&quot;50d&quot;}],&quot;base&quot;:&quot;stations&quot;,&quot;main&quot;:{&quot;temp&quot;:281.6,&quot;pressure&quot;:1035,&quot;humidity&quot;:93,&quot;temp_min&quot;:281.15,&quot;temp_max&quot;:282.15},&quot;visibility&quot;:2000,&quot;wind&quot;:{&quot;speed&quot;:4.1,&quot;deg&quot;:250},&quot;clouds&quot;:{&quot;all&quot;:90},&quot;dt&quot;:1513765200,&quot;sys&quot;:{&quot;type&quot;:1,&quot;id&quot;:5091,&quot;message&quot;:0.0171,&quot;country&quot;:&quot;GB&quot;,&quot;sunrise&quot;:1513757005,&quot;sunset&quot;:1513785187},&quot;id&quot;:2643741,&quot;name&quot;:&quot;City of London&quot;,&quot;cod&quot;:200}] but found [{&quot;coord&quot;:{&quot;lon&quot;:-0.13,&quot;lat&quot;:51.51},&quot;weather&quot;:[{&quot;id&quot;:721,&quot;main&quot;:&quot;Haze&quot;,&quot;description&quot;:&quot;haze&quot;,&quot;icon&quot;:&quot;50d&quot;},{&quot;id&quot;:701,&quot;main&quot;:&quot;Mist&quot;,&quot;description&quot;:&quot;mist&quot;,&quot;icon&quot;:&quot;50d&quot;},{&quot;id&quot;:741,&quot;main&quot;:&quot;Fog&quot;,&quot;description&quot;:&quot;fog&quot;,&quot;icon&quot;:&quot;50d&quot;}],&quot;base&quot;:&quot;stations&quot;,&quot;main&quot;:{&quot;temp&quot;:281.6,&quot;pressure&quot;:1035,&quot;humidity&quot;:93,&quot;temp_min&quot;:281.15,&quot;temp_max&quot;:282.15},&quot;visibility&quot;:2000,&quot;wind&quot;:{&quot;speed&quot;:4.1,&quot;deg&quot;:250},&quot;clouds&quot;:{&quot;all&quot;:90},&quot;dt&quot;:1513765200,&quot;sys&quot;:{&quot;type&quot;:1,&quot;id&quot;:5091,&quot;message&quot;:0.004,&quot;country&quot;:&quot;GB&quot;,&quot;sunrise&quot;:1513757014,&quot;sunset&quot;:1513785197},&quot;id&quot;:2643741,&quot;name&quot;:&quot;London&quot;,&quot;cod&quot;:200}]">
      <![CDATA[java.lang.AssertionError: expected [{"coord":{"lon":-0.09,"lat":51.51},"weather":[{"id":721,"main":"Haze","description":"haze","icon":"50d"},{"id":701,"main":"Mist","description":"mist","icon":"50d"},{"id":741,"main":"Fog","description":"fog","icon":"50d"}],"base":"stations","main":{"temp":281.6,"pressure":1035,"humidity":93,"temp_min":281.15,"temp_max":282.15},"visibility":2000,"wind":{"speed":4.1,"deg":250},"clouds":{"all":90},"dt":1513765200,"sys":{"type":1,"id":5091,"message":0.0171,"country":"GB","sunrise":1513757005,"sunset":1513785187},"id":2643741,"name":"City of London","cod":200}] but found [{"coord":{"lon":-0.13,"lat":51.51},"weather":[{"id":721,"main":"Haze","description":"haze","icon":"50d"},{"id":701,"main":"Mist","description":"mist","icon":"50d"},{"id":741,"main":"Fog","description":"fog","icon":"50d"}],"base":"stations","main":{"temp":281.6,"pressure":1035,"humidity":93,"temp_min":281.15,"temp_max":282.15},"visibility":2000,"wind":{"speed":4.1,"deg":250},"clouds":{"all":90},"dt":1513765200,"sys":{"type":1,"id":5091,"message":0.004,"country":"GB","sunrise":1513757014,"sunset":1513785197},"id":2643741,"name":"London","cod":200}]
	at org.testng.Assert.fail(Assert.java:94)
	at org.testng.Assert.failNotEquals(Assert.java:513)
	at org.testng.Assert.assertEqualsImpl(Assert.java:135)
	at org.testng.Assert.assertEquals(Assert.java:116)
	at org.testng.Assert.assertEquals(Assert.java:190)
	at org.testng.Assert.assertEquals(Assert.java:200)
	at APITesting.com.org.api.WeatherGetRequest.assert_api(WeatherGetRequest.java:118)
	at sun.reflect.NativeMethodAccessorImpl.invoke0(Native Method)
	at sun.reflect.NativeMethodAccessorImpl.invoke(NativeMethodAccessorImpl.java:62)
	at sun.reflect.DelegatingMethodAccessorImpl.invoke(DelegatingMethodAccessorImpl.java:43)
	at java.lang.reflect.Method.invoke(Method.java:498)
	at org.testng.internal.MethodInvocationHelper.invokeMethod(MethodInvocationHelper.java:86)
	at org.testng.internal.Invoker.invokeMethod(Invoker.java:643)
	at org.testng.internal.Invoker.invokeTestMethod(Invoker.java:820)
	at org.testng.internal.Invoker.invokeTestMethods(Invoker.java:1128)
	at org.testng.internal.TestMethodWorker.invokeTestMethods(TestMethodWorker.java:129)
	at org.testng.internal.TestMethodWorker.run(TestMethodWorker.java:112)
	at org.testng.TestRunner.privateRun(TestRunner.java:782)
	at org.testng.TestRunner.run(TestRunner.java:632)
	at org.testng.SuiteRunner.runTest(SuiteRunner.java:366)
	at org.testng.SuiteRunner.runSequentially(SuiteRunner.java:361)
	at org.testng.SuiteRunner.privateRun(SuiteRunner.java:319)
	at org.testng.SuiteRunner.run(SuiteRunner.java:268)
	at org.testng.SuiteRunnerWorker.runSuite(SuiteRunnerWorker.java:52)
	at org.testng.SuiteRunnerWorker.run(SuiteRunnerWorker.java:86)
	at org.testng.TestNG.runSuitesSequentially(TestNG.java:1244)
	at org.testng.TestNG.runSuitesLocally(TestNG.java:1169)
	at org.testng.TestNG.run(TestNG.java:1064)
	at org.testng.remote.AbstractRemoteTestNG.run(AbstractRemoteTestNG.java:132)
	at org.testng.remote.RemoteTestNG.initAndRun(RemoteTestNG.java:230)
	at org.testng.remote.RemoteTestNG.main(RemoteTestNG.java:76)
]]>
    </failure>
  </testcase> <!-- assert_api -->
  <testcase name="AI_491_get_request" time="54.876" classname="APITesting.com.org.api.WeatherGetRequest"/>
</testsuite> <!-- APITesting.com.org.api.WeatherGetRequest -->
