<?xml version="1.0" encoding="UTF-8"?>
<!-- Generated by org.testng.reporters.JUnitReportReporter -->
<testsuite hostname="DEVVM203" name="APITesting.com.org.api.LineNumberGetRequest" tests="1" failures="0" timestamp="22 Dec 2017 11:35:04 GMT" time="3.540" errors="0">
  <testcase name="defaultValue_post_request" time="3.540" classname="APITesting.com.org.api.LineNumberGetRequest"/>
</testsuite> <!-- APITesting.com.org.api.LineNumberGetRequest -->
